<?xml version="1.0" encoding="UTF-8"?>
<testng-results skipped="0" failed="0" ignored="0" total="1" passed="1">
  <reporter-output>
  </reporter-output>
  <suite name="Suite" duration-ms="22344" started-at="2018-11-15T07:28:43Z" finished-at="2018-11-15T07:29:05Z">
    <groups>
    </groups>
    <test name="Test" duration-ms="22344" started-at="2018-11-15T07:28:43Z" finished-at="2018-11-15T07:29:05Z">
      <class name="launchBrowserTestNG.LaunchBrowser_TestNG">
        <test-method status="PASS" signature="LaunchBrowser()[pri:0, instance:launchBrowserTestNG.LaunchBrowser_TestNG@5ae63ade]" name="LaunchBrowser" duration-ms="22330" started-at="2018-11-15T07:28:43Z" finished-at="2018-11-15T07:29:05Z">
          <reporter-output>
          </reporter-output>
        </test-method> <!-- LaunchBrowser -->
      </class> <!-- launchBrowserTestNG.LaunchBrowser_TestNG -->
    </test> <!-- Test -->
  </suite> <!-- Suite -->
</testng-results>
