<?xml version="1.0" encoding="UTF-8"?>
<testng-results skipped="0" failed="0" ignored="0" total="1" passed="1">
  <reporter-output>
  </reporter-output>
  <suite name="Default suite" duration-ms="12740" started-at="2018-11-15T05:16:24Z" finished-at="2018-11-15T05:16:36Z">
    <groups>
    </groups>
    <test name="Default test" duration-ms="12740" started-at="2018-11-15T05:16:24Z" finished-at="2018-11-15T05:16:36Z">
      <class name="TestCases.verfiyLogin_PageFactory">
        <test-method status="PASS" signature="checkValidUser()[pri:0, instance:TestCases.verfiyLogin_PageFactory@4923ab24]" name="checkValidUser" duration-ms="12721" started-at="2018-11-15T05:16:24Z" finished-at="2018-11-15T05:16:36Z">
          <reporter-output>
          </reporter-output>
        </test-method> <!-- checkValidUser -->
      </class> <!-- TestCases.verfiyLogin_PageFactory -->
    </test> <!-- Default test -->
  </suite> <!-- Default suite -->
</testng-results>
