<?xml version="1.0" encoding="UTF-8"?>
<testng-results skipped="0" failed="0" ignored="0" total="1" passed="1">
  <reporter-output>
  </reporter-output>
  <suite name="Suite" duration-ms="13162" started-at="2018-11-15T07:29:51Z" finished-at="2018-11-15T07:30:04Z">
    <groups>
    </groups>
    <test name="Test" duration-ms="13162" started-at="2018-11-15T07:29:51Z" finished-at="2018-11-15T07:30:04Z">
      <class name="TestCases.verfiyLogin_PageFactory">
        <test-method status="PASS" signature="checkValidUser()[pri:0, instance:TestCases.verfiyLogin_PageFactory@1f36e637]" name="checkValidUser" duration-ms="13144" started-at="2018-11-15T07:29:51Z" finished-at="2018-11-15T07:30:04Z">
          <reporter-output>
          </reporter-output>
        </test-method> <!-- checkValidUser -->
      </class> <!-- TestCases.verfiyLogin_PageFactory -->
    </test> <!-- Test -->
  </suite> <!-- Suite -->
</testng-results>
